Log file open, 01/30/20 16:01:26
LogWindows: Failed to load 'aqProf.dll' (GetLastError=126)
LogWindows: File 'aqProf.dll' does not exist
LogWindows: Failed to load 'VSPerf140.dll' (GetLastError=126)
LogWindows: File 'VSPerf140.dll' does not exist
LogWindows: Failed to load 'VtuneApi.dll' (GetLastError=126)
LogWindows: File 'VtuneApi.dll' does not exist
LogWindows: Failed to load 'VtuneApi32e.dll' (GetLastError=126)
LogWindows: File 'VtuneApi32e.dll' does not exist
LogInit: Display: Running engine for game: pico2g
LogPlatformFile: Not using cached read wrapper
LogTaskGraph: Started task graph with 5 named threads and 14 total threads with 3 sets of task threads.
LogStats: Stats thread started at 0.184042
LogD3D11RHI: Loaded GFSDK_Aftermath_Lib.x64.dll
LogICUInternationalization: Display: ICU TimeZone Detection - Raw Offset: +1:00, Platform Override: ''
LogPluginManager: Mounting plugin Paper2D
LogPluginManager: Mounting plugin AISupport
LogPluginManager: Mounting plugin LightPropagationVolume
LogPluginManager: Mounting plugin CLionSourceCodeAccess
LogPluginManager: Mounting plugin CodeLiteSourceCodeAccess
LogPluginManager: Mounting plugin GitSourceControl
LogPluginManager: Mounting plugin KDevelopSourceCodeAccess
LogPluginManager: Mounting plugin NullSourceCodeAccess
LogPluginManager: Mounting plugin PerforceSourceControl
LogPluginManager: Mounting plugin SubversionSourceControl
LogPluginManager: Mounting plugin UObjectPlugin
LogPluginManager: Mounting plugin VisualStudioCodeSourceCodeAccess
LogPluginManager: Mounting plugin VisualStudioSourceCodeAccess
LogPluginManager: Mounting plugin XCodeSourceCodeAccess
LogPluginManager: Mounting plugin AssetManagerEditor
LogPluginManager: Mounting plugin CryptoKeys
LogPluginManager: Mounting plugin DataValidation
LogPluginManager: Mounting plugin FacialAnimation
LogPluginManager: Mounting plugin GameplayTagsEditor
LogPluginManager: Mounting plugin MacGraphicsSwitching
LogPluginManager: Mounting plugin MeshEditor
LogPluginManager: Mounting plugin MobileLauncherProfileWizard
LogPluginManager: Mounting plugin PluginBrowser
LogPluginManager: Mounting plugin SpeedTreeImporter
LogPluginManager: Mounting plugin DatasmithContent
LogPluginManager: Mounting plugin AlembicImporter
LogPluginManager: Mounting plugin AppleImageUtils
LogPluginManager: Mounting plugin AppleVision
LogPluginManager: Mounting plugin BackChannel
LogPluginManager: Mounting plugin CharacterAI
LogPluginManager: Mounting plugin GeometryCache
LogPluginManager: Mounting plugin HTML5Networking
LogPluginManager: Mounting plugin ProxyLODPlugin
LogPluginManager: Mounting plugin MagicLeap
LogPluginManager: Mounting plugin MagicLeapEmulator
LogPluginManager: Mounting plugin MagicLeapMedia
LogPluginManager: Mounting plugin AndroidMedia
LogPluginManager: Mounting plugin AvfMedia
LogPluginManager: Mounting plugin ImgMedia
LogPluginManager: Mounting plugin LinearTimecode
LogPluginManager: Mounting plugin MediaCompositing
LogPluginManager: Mounting plugin MediaPlayerEditor
LogPluginManager: Mounting plugin WmfMedia
LogPluginManager: Mounting plugin TcpMessaging
LogPluginManager: Mounting plugin UdpMessaging
LogPluginManager: Mounting plugin ActorSequence
LogPluginManager: Mounting plugin LevelSequenceEditor
LogPluginManager: Mounting plugin MatineeToLevelSequence
LogPluginManager: Mounting plugin NetcodeUnitTest
LogPluginManager: Mounting plugin NUTUnrealEngine4
LogPluginManager: Mounting plugin OnlineSubsystemGooglePlay
LogPluginManager: Mounting plugin OnlineSubsystemIOS
LogPluginManager: Mounting plugin OnlineSubsystem
LogPluginManager: Mounting plugin OnlineSubsystemNull
LogPluginManager: Mounting plugin OnlineSubsystemUtils
LogPluginManager: Mounting plugin LauncherChunkInstaller
LogPluginManager: Mounting plugin AndroidDeviceProfileSelector
LogPluginManager: Mounting plugin AndroidMoviePlayer
LogPluginManager: Mounting plugin AndroidPermission
LogPluginManager: Mounting plugin AppleMoviePlayer
LogPluginManager: Mounting plugin ArchVisCharacter
LogPluginManager: Mounting plugin AudioCapture
LogPluginManager: Mounting plugin CableComponent
LogPluginManager: Mounting plugin CustomMeshComponent
LogPluginManager: Mounting plugin EditableMesh
LogPluginManager: Mounting plugin ExampleDeviceProfileSelector
LogPluginManager: Mounting plugin GoogleCloudMessaging
LogPluginManager: Mounting plugin ImmediatePhysics
LogPluginManager: Mounting plugin IOSDeviceProfileSelector
LogPluginManager: Mounting plugin LinuxDeviceProfileSelector
LogPluginManager: Mounting plugin LocationServicesBPLibrary
LogPluginManager: Mounting plugin MobilePatchingUtils
LogPluginManager: Mounting plugin PhysXVehicles
LogPluginManager: Mounting plugin ProceduralMeshComponent
LogPluginManager: Mounting plugin RuntimePhysXCooking
LogPluginManager: Mounting plugin WindowsMoviePlayer
LogStreaming: Display: Took  0.110s to configure plugins.
LogInit: Using libcurl 7.55.1-DEV
LogInit:  - built for x86_64-pc-win32
LogInit:  - supports SSL with OpenSSL/1.0.2h
LogInit:  - supports HTTP deflate (compression) using libz 1.2.8
LogInit:  - other features:
LogInit:      CURL_VERSION_SSL
LogInit:      CURL_VERSION_LIBZ
LogInit:      CURL_VERSION_IPV6
LogInit:      CURL_VERSION_ASYNCHDNS
LogInit:      CURL_VERSION_LARGEFILE
LogInit:      CURL_VERSION_IDN
LogInit:  CurlRequestOptions (configurable via config and command line):
LogInit:  - bVerifyPeer = false  - Libcurl will NOT verify peer certificate
LogInit:  - bUseHttpProxy = false  - Libcurl will NOT use HTTP proxy
LogInit:  - bDontReuseConnections = false  - Libcurl will reuse connections
LogInit:  - CertBundlePath = nullptr  - Libcurl will use whatever was configured at build time.
LogInit:  - MaxHostConnections = 16  - Libcurl will limit the number of connections to a host
LogInit:  - LocalHostAddr = Default
LogInit:  - BufferSize = 65536
LogInit: WinSock: version 1.1 (2.2), MaxSocks=32767, MaxUdp=65467
LogInit: Build: ++UE4+Release-4.20-CL-4369336
LogInit: Engine Version: 4.20.3-4369336+++UE4+Release-4.20
LogInit: Compatible Engine Version: 4.20.0-4212847+++UE4+Release-4.20
LogInit: Net CL: 4212847
LogInit: OS: Windows 10 (), CPU:         Intel(R) Core(TM) i5-3570 CPU @ 3.40GHz, GPU: NVIDIA GeForce GTX 650
LogInit: Compiled (64-bit): Sep 17 2018 12:26:19
LogInit: Compiled with Visual C++: 19.13.26129.00
LogInit: Build Configuration: Development
LogInit: Branch Name: ++UE4+Release-4.20
LogInit: Command Line:  
LogInit: Base Directory: C:/Program Files/Epic Games/UE_4.20/Engine/Binaries/Win64/
LogInit: Installed Engine Build: 1
LogDevObjectVersion: Number of dev versions registered: 20
LogDevObjectVersion:   Dev-Blueprints (B0D832E4-1F89-4F0D-ACCF-7EB736FD4AA2): 10
LogDevObjectVersion:   Dev-Build (E1C64328-A22C-4D53-A36C-8E866417BD8C): 0
LogDevObjectVersion:   Dev-Core (375EC13C-06E4-48FB-B500-84F0262A717E): 2
LogDevObjectVersion:   Dev-Editor (E4B068ED-F494-42E9-A231-DA0B2E46BB41): 24
LogDevObjectVersion:   Dev-Framework (CFFC743F-43B0-4480-9391-14DF171D2073): 34
LogDevObjectVersion:   Dev-Mobile (B02B49B5-BB20-44E9-A304-32B752E40360): 2
LogDevObjectVersion:   Dev-Networking (A4E4105C-59A1-49B5-A7C5-40C4547EDFEE): 0
LogDevObjectVersion:   Dev-Online (39C831C9-5AE6-47DC-9A44-9C173E1C8E7C): 0
LogDevObjectVersion:   Dev-Physics (78F01B33-EBEA-4F98-B9B4-84EACCB95AA2): 0
LogDevObjectVersion:   Dev-Platform (6631380F-2D4D-43E0-8009-CF276956A95A): 0
LogDevObjectVersion:   Dev-Rendering (12F88B9F-8875-4AFC-A67C-D90C383ABD29): 26
LogDevObjectVersion:   Dev-Sequencer (7B5AE74C-D270-4C10-A958-57980B212A5A): 9
LogDevObjectVersion:   Dev-VR (D7296918-1DD6-4BDD-9DE2-64A83CC13884): 2
LogDevObjectVersion:   Dev-LoadTimes (C2A15278-BFE7-4AFE-6C17-90FF531DF755): 1
LogDevObjectVersion:   Private-Geometry (6EACA3D4-40EC-4CC1-B786-8BED09428FC5): 3
LogDevObjectVersion:   Dev-AnimPhys (29E575DD-E0A3-4627-9D10-D276232CDCEA): 17
LogDevObjectVersion:   Dev-ReflectionCapture (6B266CEC-1EC7-4B8F-A30B-E4D90942FC07): 1
LogDevObjectVersion:   Dev-Automation (0DF73D61-A23F-47EA-B727-89E90C41499A): 1
LogDevObjectVersion:   FortniteMain (601D1886-AC64-4F84-AA16-D3DE0DEAC7D6): 12
LogDevObjectVersion:   Dev-Enterprise (9DFFBCD6-494F-0158-E221-12823C92A888): 1
LogStreaming: Display: Took  0.000s to delete old logs.
LogInit: Presizing for max 8388607 objects, including 0 objects not considered by GC, pre-allocating 0 bytes for permanent pool.
LogInit: Object subsystem initialized
[2020.01.30-15.01.26:936][  0]LogInit: Selected Device Profile: [Windows]
[2020.01.30-15.01.26:936][  0]LogInit: Applying CVar settings loaded from the selected device profile: [Windows]
[2020.01.30-15.01.26:952][  0]LogHAL: Display: Platform has ~ 8 GB [8534654976 / 8589934592 / 8], which maps to Default [LargestMinGB=32, LargerMinGB=12, DefaultMinGB=8, SmallerMinGB=6, SmallestMinGB=0)
[2020.01.30-15.01.26:952][  0]LogInit: Setting Device Profile CVar: [[r.Vulkan.UseRealUBs:1]]
[2020.01.30-15.01.26:952][  0]LogInit: Going up to parent DeviceProfile []
[2020.01.30-15.01.26:952][  0]LogInit: Computer: VOLGA-PC
[2020.01.30-15.01.26:952][  0]LogInit: User: Volga
[2020.01.30-15.01.26:952][  0]LogInit: CPU Page size=4096, Cores=4
[2020.01.30-15.01.26:952][  0]LogInit: High frequency timer resolution =10.000000 MHz
[2020.01.30-15.01.26:953][  0]LogMemory: Memory total: Physical=7.9GB (8GB approx)
[2020.01.30-15.01.26:953][  0]LogMemory: Platform Memory Stats for Windows
[2020.01.30-15.01.26:953][  0]LogMemory: Process Physical Memory: 99.02 MB used, 99.02 MB peak
[2020.01.30-15.01.26:953][  0]LogMemory: Process Virtual Memory: 82.71 MB used, 82.71 MB peak
[2020.01.30-15.01.26:953][  0]LogMemory: Physical Memory: 5135.58 MB used,  3003.70 MB free, 8139.28 MB total
[2020.01.30-15.01.26:953][  0]LogMemory: Virtual Memory: 4604.98 MB used,  3003.70 MB free, 134217728.00 MB total
[2020.01.30-15.01.26:971][  0]LogInit: Overriding language with editor language configuration option (en).
[2020.01.30-15.01.26:971][  0]LogInit: Overriding locale with editor locale configuration option (en).
[2020.01.30-15.01.27:420][  0]LogStreaming: Display: Took  0.449s to InitEngineTextLocalization.
[2020.01.30-15.01.27:420][  0]LogInit: Setting process to per monitor DPI aware
[2020.01.30-15.01.27:452][  0]LogSlate: New Slate User Created.  User Index 0, Is Virtual User: 0
[2020.01.30-15.01.27:452][  0]LogSlate: Slate User Registered.  User Index 0, Is Virtual User: 0
[2020.01.30-15.01.27:657][  0]LogD3D11RHI: D3D11 adapters:
[2020.01.30-15.01.27:744][  0]LogD3D11RHI:    0. 'NVIDIA GeForce GTX 650' (Feature Level 11_0)
[2020.01.30-15.01.27:744][  0]LogD3D11RHI:       2007/0/4069 MB DedicatedVideo/DedicatedSystem/SharedSystem, Outputs:1, VendorId:0x10de
[2020.01.30-15.01.27:746][  0]LogD3D11RHI:    1. 'Microsoft Basic Render Driver' (Feature Level 11_0)
[2020.01.30-15.01.27:746][  0]LogD3D11RHI:       0/0/4069 MB DedicatedVideo/DedicatedSystem/SharedSystem, Outputs:0, VendorId:0x1414
[2020.01.30-15.01.27:746][  0]LogD3D11RHI: Chosen D3D11 Adapter: 0
[2020.01.30-15.01.27:752][  0]LogD3D11RHI: Creating new Direct3DDevice
[2020.01.30-15.01.27:753][  0]LogD3D11RHI:     GPU DeviceId: 0xfc6 (for the marketing name, search the web for "GPU Device Id")
[2020.01.30-15.01.27:753][  0]LogWindows: EnumDisplayDevices:
[2020.01.30-15.01.27:753][  0]LogWindows:    0. 'NVIDIA GeForce GTX 650' (P:1 D:1)
[2020.01.30-15.01.27:753][  0]LogWindows:    1. 'NVIDIA GeForce GTX 650' (P:0 D:0)
[2020.01.30-15.01.27:753][  0]LogWindows:    2. 'NVIDIA GeForce GTX 650' (P:0 D:0)
[2020.01.30-15.01.27:754][  0]LogWindows:    3. 'NVIDIA GeForce GTX 650' (P:0 D:0)
[2020.01.30-15.01.27:754][  0]LogWindows: DebugString: FoundDriverCount:4 
[2020.01.30-15.01.27:754][  0]LogD3D11RHI:     Adapter Name: NVIDIA GeForce GTX 650
[2020.01.30-15.01.27:754][  0]LogD3D11RHI:   Driver Version: 432.00 (internal:26.21.14.3200, unified:432.00)
[2020.01.30-15.01.27:754][  0]LogD3D11RHI:      Driver Date: 7-24-2019
[2020.01.30-15.01.27:754][  0]LogRHI: Texture pool is 1404 MB (70% of 2007 MB)
[2020.01.30-15.01.27:805][  0]LogD3D11RHI: Async texture creation enabled
[2020.01.30-15.01.27:829][  0]LogD3D11RHI: GPU Timing Frequency: 1000.000000 (Debug: 2 2)
[2020.01.30-15.01.27:831][  0]LogShaderCompilers: Guid format shader working directory is -12 characters bigger than the processId version (../../../../../../Users/Volga/Desktop/SourceTree/TrilerosVR/Intermediate/Shaders/WorkingDirectory/500/).
[2020.01.30-15.01.27:831][  0]LogShaderCompilers: Cleaned the shader compiler working directory 'C:/Users/Volga/AppData/Local/Temp/UnrealShaderWorkingDir/74C82A774ECB1232178A45AF2F32079C/'.
[2020.01.30-15.01.28:244][  0]LogTemp: Display: Loaded TP AllDesktopTargetPlatform
[2020.01.30-15.01.28:259][  0]LogTemp: Display: Loaded TP MacClientTargetPlatform
[2020.01.30-15.01.28:274][  0]LogTemp: Display: Loaded TP MacNoEditorTargetPlatform
[2020.01.30-15.01.28:289][  0]LogTemp: Display: Loaded TP MacServerTargetPlatform
[2020.01.30-15.01.28:304][  0]LogTemp: Display: Loaded TP MacTargetPlatform
[2020.01.30-15.01.28:319][  0]LogTemp: Display: Loaded TP WindowsClientTargetPlatform
[2020.01.30-15.01.28:333][  0]LogTemp: Display: Loaded TP WindowsNoEditorTargetPlatform
[2020.01.30-15.01.28:348][  0]LogTemp: Display: Loaded TP WindowsServerTargetPlatform
[2020.01.30-15.01.28:355][  0]LogTemp: Display: Loaded TP WindowsTargetPlatform
[2020.01.30-15.01.28:440][  0]LogTemp: Display: Loaded TP AndroidTargetPlatform
[2020.01.30-15.01.28:440][  0]LogTemp: Display: Loaded TP AndroidTargetPlatform
[2020.01.30-15.01.28:440][  0]LogTemp: Display: Loaded TP AndroidTargetPlatform
[2020.01.30-15.01.28:440][  0]LogTemp: Display: Loaded TP AndroidTargetPlatform
[2020.01.30-15.01.28:440][  0]LogTemp: Display: Loaded TP AndroidTargetPlatform
[2020.01.30-15.01.28:440][  0]LogTemp: Display: Loaded TP AndroidTargetPlatform
[2020.01.30-15.01.28:440][  0]LogTemp: Display: Loaded TP AndroidTargetPlatform
[2020.01.30-15.01.28:440][  0]LogTemp: Display: Loaded TP AndroidTargetPlatform
[2020.01.30-15.01.28:440][  0]LogTemp: Display: Loaded TP AndroidTargetPlatform
[2020.01.30-15.01.28:440][  0]LogTemp: Display: Loaded TP AndroidTargetPlatform
[2020.01.30-15.01.28:440][  0]LogTemp: Display: Loaded TP AndroidTargetPlatform
[2020.01.30-15.01.28:440][  0]LogTemp: Display: Loaded TP AndroidTargetPlatform
[2020.01.30-15.01.28:441][  0]LogTemp: Display: Loaded TP AndroidTargetPlatform
[2020.01.30-15.01.28:441][  0]LogTemp: Display: Loaded TP AndroidTargetPlatform
[2020.01.30-15.01.28:441][  0]LogTemp: Display: Loaded TP AndroidTargetPlatform
[2020.01.30-15.01.28:441][  0]LogTemp: Display: Loaded TP AndroidTargetPlatform
[2020.01.30-15.01.28:441][  0]LogTemp: Display: Loaded TP AndroidTargetPlatform
[2020.01.30-15.01.28:441][  0]LogTemp: Display: Loaded TP AndroidTargetPlatform
[2020.01.30-15.01.28:442][  0]LogTemp: Display: Loaded TP HTML5TargetPlatform
[2020.01.30-15.01.28:505][  0]LogTemp: Display: Loaded TP IOSTargetPlatform
[2020.01.30-15.01.28:505][  0]LogTemp: Display: Loaded TP IOSTargetPlatform
[2020.01.30-15.01.28:531][  0]LogTemp: Display: Loaded TP TVOSTargetPlatform
[2020.01.30-15.01.28:531][  0]LogTemp: Display: Loaded TP TVOSTargetPlatform
[2020.01.30-15.01.28:543][  0]LogTemp: Display: Loaded TP LinuxClientTargetPlatform
[2020.01.30-15.01.28:557][  0]LogTemp: Display: Loaded TP LinuxNoEditorTargetPlatform
[2020.01.30-15.01.28:571][  0]LogTemp: Display: Loaded TP LinuxServerTargetPlatform
[2020.01.30-15.01.28:585][  0]LogTemp: Display: Loaded TP LinuxTargetPlatform
[2020.01.30-15.01.28:595][  0]LogTemp: Display: Loaded TP LuminTargetPlatform
[2020.01.30-15.01.28:595][  0]LogTargetPlatformManager: Display: Building Assets For Windows
[2020.01.30-15.01.28:654][  0]LogXGEController: Cannot use XGE Controller as Incredibuild is not installed on this machine.
[2020.01.30-15.01.28:654][  0]LogShaderCompilers: Cannot use XGE Shader Compiler as Incredibuild is not installed on this machine.
[2020.01.30-15.01.28:654][  0]LogShaderCompilers: Display: Using Local Shader Compiler.
[2020.01.30-15.01.29:547][  0]LogDerivedDataCache: Display: Max Cache Size: 512 MB
[2020.01.30-15.01.29:606][  0]LogDerivedDataCache: Loaded boot cache 0.06s 82MB C:/Users/Volga/AppData/Local/UnrealEngine/4.20/DerivedDataCache/Boot.ddc.
[2020.01.30-15.01.29:606][  0]LogDerivedDataCache: Display: Loaded Boot cache: C:/Users/Volga/AppData/Local/UnrealEngine/4.20/DerivedDataCache/Boot.ddc
[2020.01.30-15.01.29:606][  0]LogDerivedDataCache: FDerivedDataBackendGraph:  Pak pak cache file ../../../../../../Users/Volga/Desktop/SourceTree/TrilerosVR/DerivedDataCache/DDC.ddp not found, will not use a pak cache.
[2020.01.30-15.01.29:606][  0]LogDerivedDataCache: Unable to find inner node Pak for hierarchical cache Hierarchy.
[2020.01.30-15.01.29:606][  0]LogDerivedDataCache: FDerivedDataBackendGraph:  CompressedPak pak cache file ../../../../../../Users/Volga/Desktop/SourceTree/TrilerosVR/DerivedDataCache/Compressed.ddp not found, will not use a pak cache.
[2020.01.30-15.01.29:606][  0]LogDerivedDataCache: Unable to find inner node CompressedPak for hierarchical cache Hierarchy.
[2020.01.30-15.01.29:622][  0]LogDerivedDataCache: Display: Pak cache opened for reading ../../../Engine/DerivedDataCache/Compressed.ddp.
[2020.01.30-15.01.29:635][  0]LogDerivedDataCache: Using Local data cache path C:/Users/Volga/AppData/Local/UnrealEngine/Common/DerivedDataCache: Writable
[2020.01.30-15.01.29:635][  0]LogDerivedDataCache: Shared data cache path not found in *engine.ini, will not use an Shared cache.
[2020.01.30-15.01.29:635][  0]LogDerivedDataCache: Unable to find inner node Shared for hierarchical cache Hierarchy.
[2020.01.30-15.01.29:654][  0]LogMaterial: Verifying Global Shaders for PCD3D_SM5
[2020.01.30-15.01.29:655][  0]LogSlate: Using FreeType 2.6.0
[2020.01.30-15.01.29:656][  0]LogSlate: SlateFontServices - WITH_FREETYPE: 1, WITH_HARFBUZZ: 1
[2020.01.30-15.01.29:730][  0]LogAssetRegistry: FAssetRegistry took 0.0267 seconds to start up
[2020.01.30-15.01.30:106][  0]LogInit: Selected Device Profile: [Windows]
[2020.01.30-15.01.30:162][  0]LogSimplygon: Simplygon DLL not present - disabling.
[2020.01.30-15.01.30:165][  0]LogMeshReduction: Using SimplygonSwarm for distributed automatic mesh merging
[2020.01.30-15.01.30:165][  0]LogMeshReduction: Using ProxyLODMeshReduction for automatic mesh merging
[2020.01.30-15.01.30:165][  0]LogMeshReduction: Using QuadricMeshReduction for automatic static mesh reduction
[2020.01.30-15.01.30:165][  0]LogMeshReduction: No automatic skeletal mesh reduction module available
[2020.01.30-15.01.30:266][  0]LogNetVersion: pico2g 1.0.0, NetCL: 4212847, EngineNetVer: 5, GameNetVer: 0 (Checksum: 2480881316)
[2020.01.30-15.01.30:732][  0]LogPackageLocalizationCache: Processed 9 localized package path(s) for 1 prioritized culture(s) in 0.043426 seconds
[2020.01.30-15.01.30:739][  0]LogUObjectArray: 37967 objects as part of root set at end of initial load.
[2020.01.30-15.01.30:739][  0]LogUObjectAllocator: 6605928 out of 0 bytes used by permanent object pool.
[2020.01.30-15.01.30:739][  0]LogUObjectArray: CloseDisregardForGC: 0/0 objects in disregard for GC pool
[2020.01.30-15.01.31:576][  0]LogTcpMessaging: Initializing TcpMessaging bridge
[2020.01.30-15.01.31:589][  0]LogUdpMessaging: Initializing bridge on interface 0.0.0.0:0 to multicast group 230.0.0.1:6666.
[2020.01.30-15.01.31:721][  0]SourceControl: Source control is disabled
[2020.01.30-15.01.31:721][  0]SourceControl: Source control is disabled
[2020.01.30-15.01.31:722][  0]SourceControl: Source control is disabled
[2020.01.30-15.01.31:723][  0]SourceControl: Source control is disabled
[2020.01.30-15.01.31:898][  0]LogAndroidPermission: UAndroidPermissionCallbackProxy::GetInstance
[2020.01.30-15.01.32:056][  0]LogEngine: Initializing Engine...
[2020.01.30-15.01.32:057][  0]LogStats: UGameplayTagsManager::ConstructGameplayTagTree: ImportINI prefixes -  0.000 s
[2020.01.30-15.01.32:057][  0]LogStats: UGameplayTagsManager::ConstructGameplayTagTree: Construct from data asset -  0.000 s
[2020.01.30-15.01.32:058][  0]LogStats: UGameplayTagsManager::ConstructGameplayTagTree: ImportINI -  0.000 s
[2020.01.30-15.01.32:058][  0]LogStats: UGameplayTagsManager::ConstructGameplayTagTree: GameplayTagTreeChangedEvent.Broadcast -  0.000 s
[2020.01.30-15.01.32:291][  0]LogInit: Initializing FReadOnlyCVARCache
[2020.01.30-15.01.32:303][  0]LogAIModule: Creating AISystem for world Untitled
[2020.01.30-15.01.32:328][  0]LogInit: XAudio2 using 'Auriculares (High Definition Audio Device)' : 2 channels at 48 kHz using 16 bits per sample (channel mask 0x3)
[2020.01.30-15.01.32:346][  0]LogInit: FAudioDevice initialized.
[2020.01.30-15.01.32:346][  0]LogNetVersion: Set ProjectVersion to 1.0.0.0. Version Checksum will be recalculated on next use.
[2020.01.30-15.01.32:537][  0]LogDerivedDataCache: Saved boot cache 0.19s 68MB C:/Users/Volga/AppData/Local/UnrealEngine/4.20/DerivedDataCache/Boot.ddc.
[2020.01.30-15.01.32:545][  0]LogInit: Texture streaming: Enabled
[2020.01.30-15.01.32:577][  0]LogEngineSessionManager: EngineSessionManager initialized
[2020.01.30-15.01.32:592][  0]LogInit: Transaction tracking system initialized
[2020.01.30-15.01.32:617][  0]BlueprintLog: New page: Editor Load
[2020.01.30-15.01.32:691][  0]LocalizationService: Localization service is disabled
[2020.01.30-15.01.33:263][  0]LogCook: Display: Max memory allowance for cook 16384mb min free memory 0mb
[2020.01.30-15.01.33:263][  0]LogCook: Display: Mobile HDR setting 1
[2020.01.30-15.01.33:263][  0]LogGameplayTags: Display: UGameplayTagsManager::DoneAddingNativeTags. DelegateIsBound: 0
[2020.01.30-15.01.33:263][  0]LogStats: UGameplayTagsManager::ConstructGameplayTagTree: ImportINI prefixes -  0.000 s
[2020.01.30-15.01.33:263][  0]LogStats: UGameplayTagsManager::ConstructGameplayTagTree: Construct from data asset -  0.000 s
[2020.01.30-15.01.33:263][  0]LogStats: UGameplayTagsManager::ConstructGameplayTagTree: ImportINI -  0.000 s
[2020.01.30-15.01.33:263][  0]LogStats: UGameplayTagsManager::ConstructGameplayTagTree: GameplayTagTreeChangedEvent.Broadcast -  0.000 s
[2020.01.30-15.01.33:384][  0]LogFileCache: Scanning file cache for directory 'C:/Users/Volga/Desktop/SourceTree/TrilerosVR/Content/' took 0.01s
[2020.01.30-15.01.33:384][  0]SourceControl: Source control is disabled
[2020.01.30-15.01.33:384][  0]Cmd: MAP LOAD FILE="../../../../../../Users/Volga/Desktop/SourceTree/TrilerosVR/Content/CORE/Lvl_Trileros.umap" TEMPLATE=0 SHOWPROGRESS=1 FEATURELEVEL=3
[2020.01.30-15.01.33:385][  0]LightingResults: New page: Lighting Build
[2020.01.30-15.01.33:387][  0]MapCheck: New page: Map Check
[2020.01.30-15.01.33:387][  0]LightingResults: New page: Lighting Build
[2020.01.30-15.01.33:865][  0]LogAIModule: Creating AISystem for world Lvl_Trileros
[2020.01.30-15.01.33:870][  0]LogPhysics: Warning: Initialising Body : Scale3D is (nearly) zero: Component: '/Game/CORE/Lvl_Trileros.Lvl_Trileros:PersistentLevel.Elefante_6.StaticMesh' 
[2020.01.30-15.01.33:870][  0]LogPhysics: Warning: Initialising Body : Scale3D is (nearly) zero: Component: '/Game/CORE/Lvl_Trileros.Lvl_Trileros:PersistentLevel.Gato_8.StaticMesh' 
[2020.01.30-15.01.33:872][  0]LogPhysics: Warning: Initialising Body : Scale3D is (nearly) zero: Component: '/Game/CORE/Lvl_Trileros.Lvl_Trileros:PersistentLevel.Elefante_6.StaticMesh' 
[2020.01.30-15.01.33:873][  0]LogPhysics: Warning: Initialising Body : Scale3D is (nearly) zero: Component: '/Game/CORE/Lvl_Trileros.Lvl_Trileros:PersistentLevel.Elefante_6.StaticMesh' 
[2020.01.30-15.01.33:873][  0]LogPhysics: Warning: Initialising Body : Scale3D is (nearly) zero: Component: '/Game/CORE/Lvl_Trileros.Lvl_Trileros:PersistentLevel.Gato_8.StaticMesh' 
[2020.01.30-15.01.33:873][  0]LogPhysics: Warning: Initialising Body : Scale3D is (nearly) zero: Component: '/Game/CORE/Lvl_Trileros.Lvl_Trileros:PersistentLevel.Gato_8.StaticMesh' 
[2020.01.30-15.01.33:877][  0]LogEditorServer: Finished looking for orphan Actors (0.000 secs)
[2020.01.30-15.01.33:899][  0]Cmd: MAP CHECKDEP NOCLEARLOG
[2020.01.30-15.01.33:986][  0]MapCheck: Map check complete: 0 Error(s), 0 Warning(s), took 87.085ms to complete.
[2020.01.30-15.01.33:986][  0]LogFileHelpers: Loading map 'Lvl_Trileros' took 0.603
[2020.01.30-15.01.34:087][  0]LogSlate: Updating window title bar state: overlay mode, drag disabled, window buttons hidden, title bar hidden
[2020.01.30-15.01.34:096][  0]LogSlate: Updating window title bar state: overlay mode, drag disabled, window buttons hidden, title bar hidden
[2020.01.30-15.01.34:105][  0]LogSlate: Updating window title bar state: overlay mode, drag disabled, window buttons hidden, title bar hidden
[2020.01.30-15.01.34:114][  0]LogSlate: Updating window title bar state: overlay mode, drag disabled, window buttons hidden, title bar hidden
[2020.01.30-15.01.34:121][  0]LogCollectionManager: Loaded 0 collections in 0.001778 seconds
[2020.01.30-15.01.34:163][  0]LogFileCache: Scanning file cache for directory 'C:/Users/Volga/Desktop/SourceTree/TrilerosVR/Saved/Collections/' took 0.01s
[2020.01.30-15.01.34:163][  0]LogFileCache: Scanning file cache for directory 'C:/Users/Volga/Desktop/SourceTree/TrilerosVR/Content/Developers/Volga/Collections/' took 0.01s
[2020.01.30-15.01.34:163][  0]LogFileCache: Scanning file cache for directory 'C:/Users/Volga/Desktop/SourceTree/TrilerosVR/Content/Collections/' took 0.01s
[2020.01.30-15.01.34:163][  0]LogCollectionManager: Rebuilt the GUID cache for 0 collections in 0.000000 seconds
[2020.01.30-15.01.34:174][  0]LogContentBrowser: Native class hierarchy populated in 0.0103 seconds. Added 2565 classes and 594 folders.
[2020.01.30-15.01.34:180][  0]LogContentBrowser: Native class hierarchy updated for 'WidgetCarousel' in 0.0003 seconds. Added 0 classes and 0 folders.
[2020.01.30-15.01.34:226][  0]LogContentBrowser: Native class hierarchy updated for 'AddContentDialog' in 0.0003 seconds. Added 0 classes and 0 folders.
[2020.01.30-15.01.34:231][  0]LogContentBrowser: Native class hierarchy updated for 'SceneOutliner' in 0.0003 seconds. Added 1 classes and 2 folders.
[2020.01.30-15.01.34:302][  0]LogContentBrowser: Native class hierarchy updated for 'WorldBrowser' in 0.0003 seconds. Added 2 classes and 3 folders.
[2020.01.30-15.01.34:315][  0]LogSlate: Took 0.000232 seconds to synchronously load lazily loaded font '../../../Engine/Content/Slate/Fonts/Roboto-Regular.ttf' (155K)
[2020.01.30-15.01.34:317][  0]LogSlate: Took 0.000196 seconds to synchronously load lazily loaded font '../../../Engine/Content/Slate/Fonts/Roboto-Bold.ttf' (160K)
[2020.01.30-15.01.34:322][  0]LogSlate: Took 0.000224 seconds to synchronously load lazily loaded font '../../../Engine/Content/Editor/Slate/Fonts/FontAwesome.ttf' (139K)
[2020.01.30-15.01.34:408][  0]LogRenderer: Reallocating scene render targets to support 1208x548 Format 10 NumSamples 1 (Frame:1).
[2020.01.30-15.01.34:596][  0]LogContentBrowser: Native class hierarchy updated for 'HierarchicalLODOutliner' in 0.0003 seconds. Added 0 classes and 0 folders.
[2020.01.30-15.01.34:596][  0]LogLoad: (Engine Initialization) Total time: 9.21 seconds
[2020.01.30-15.01.34:596][  0]LogLoad: (Engine Initialization) Total Blueprint compile time: 0.00 seconds
[2020.01.30-15.01.34:626][  0]LogContentStreaming: Texture pool size now 1000 MB
[2020.01.30-15.01.34:640][  0]LogSlate: Took 0.000212 seconds to synchronously load lazily loaded font '../../../Engine/Content/Slate/Fonts/Roboto-Light.ttf' (167K)
[2020.01.30-15.01.34:868][  1]LogAssetRegistry: Asset discovery search completed in 5.1603 seconds
[2020.01.30-15.01.34:870][  1]LogCollectionManager: Rebuilt the object cache for 0 collections in 0.000001 seconds (found 0 objects)
[2020.01.30-15.01.34:870][  1]LogCollectionManager: Fixed up redirectors for 0 collections in 0.000077 seconds (updated 0 objects)
[2020.01.30-15.01.36:713][138]LogSlate: FSceneViewport::OnFocusLost() reason 2
[2020.01.30-15.01.37:750][261]LogSlate: FSceneViewport::OnFocusLost() reason 2
[2020.01.30-15.01.40:603][517]LogWindows: Warning: CreateProc failed: El sistema no puede encontrar el archivo especificado. (0x00000002)
[2020.01.30-15.01.40:603][517]LogWindows: Warning: URL: C:/Program Files/Git/bin/git.exe version
[2020.01.30-15.01.40:603][517]LogWindows: Warning: CreateProc failed: El sistema no puede encontrar el archivo especificado. (0x00000002)
[2020.01.30-15.01.40:603][517]LogWindows: Warning: URL: C:/Program Files (x86)/Git/bin/git.exe version
[2020.01.30-15.01.40:603][517]LogWindows: Warning: CreateProc failed: El sistema no puede encontrar el archivo especificado. (0x00000002)
[2020.01.30-15.01.40:603][517]LogWindows: Warning: URL: C:\Users\Volga\AppData\Local/Programs/Git/cmd/git.exe version
[2020.01.30-15.01.40:603][517]LogWindows: Warning: CreateProc failed: El sistema no puede encontrar el archivo especificado. (0x00000002)
[2020.01.30-15.01.40:603][517]LogWindows: Warning: URL: C:/Program Files (x86)/SmartGit/git/bin/git.exe version
[2020.01.30-15.01.40:604][517]LogWindows: Warning: CreateProc failed: El sistema no puede encontrar el archivo especificado. (0x00000002)
[2020.01.30-15.01.40:604][517]LogWindows: Warning: URL: C:/Program Files (x86)/SmartGit/bin/git.exe version
[2020.01.30-15.01.44:200][685]LogSlate: Window 'Source Control Login' being destroyed
[2020.01.30-15.01.46:740][794]LogSlate: FSceneViewport::OnFocusLost() reason 0
[2020.01.30-15.01.50:917][ 17]LogMaterial: Display: Missing cached shader map for material Material_0, compiling. 
[2020.01.30-15.01.50:940][ 18]LogShaderCompilers: Display: Shaders left to compile 5
[2020.01.30-15.02.12:983][386]SourceControl: fatal: C:/Program Files/Epic Games/UE_4.20/Engine/Content: 'C:/Program Files/Epic Games/UE_4.20/Engine/Content' is outside repository
[2020.01.30-15.02.22:005][386]LogSlate: Window 'Submit Files' being destroyed
[2020.01.30-15.02.23:012][386]LogSourceControl: commit successful: [master a3215de] Nuevos logos
[2020.01.30-15.02.23:178][386]SourceControl: [master a3215de] Nuevos logos
[2020.01.30-15.02.23:178][386]SourceControl:  2 files changed, 0 insertions(+), 0 deletions(-)
[2020.01.30-15.02.23:178][386]SourceControl:  rewrite Content/CORE/Materials/Logo_High.uasset (92%)
[2020.01.30-15.02.23:178][386]SourceControl:  rewrite Content/CORE/Materials/Vivirtual_logo.uasset (90%)
[2020.01.30-15.02.23:185][386]SourceControl: Commited [master a3215de] Nuevos logos.
[2020.01.30-15.02.59:437][832]LogSlate: Window 'pico2g - Unreal Editor' being destroyed
[2020.01.30-15.02.59:438][832]LogWindowsTextInputMethodSystem: Display: IME system now deactivated.
[2020.01.30-15.02.59:623][833]Cmd: QUIT_EDITOR
[2020.01.30-15.02.59:677][833]LogExit: Preparing to exit.
[2020.01.30-15.03.00:689][833]LogExit: Editor shut down
[2020.01.30-15.03.00:690][833]LogExit: Transaction tracking system shut down
[2020.01.30-15.03.01:409][833]LogExit: Object subsystem successfully closed.
[2020.01.30-15.03.01:437][833]LogShaderCompilers: Display: Shaders left to compile 0
[2020.01.30-15.03.01:443][833]LogD3D11RHI: Shutdown
[2020.01.30-15.03.01:443][833]LogD3D11RHI: CleanupD3DDevice
[2020.01.30-15.03.01:449][833]LogD3D11RHI: ~FD3D11DynamicRHI
[2020.01.30-15.03.01:491][833]LogModuleManager: Shutting down and abandoning module HierarchicalLODOutliner (602)
[2020.01.30-15.03.01:491][833]LogModuleManager: Shutting down and abandoning module WorldBrowser (600)
[2020.01.30-15.03.01:491][833]LogModuleManager: Shutting down and abandoning module SceneOutliner (598)
[2020.01.30-15.03.01:491][833]LogModuleManager: Shutting down and abandoning module AddContentDialog (596)
[2020.01.30-15.03.01:494][833]LogModuleManager: Shutting down and abandoning module WidgetCarousel (595)
[2020.01.30-15.03.01:494][833]LogModuleManager: Shutting down and abandoning module EditorWidgets (592)
[2020.01.30-15.03.01:494][833]LogModuleManager: Shutting down and abandoning module CollectionManager (590)
[2020.01.30-15.03.01:494][833]LogModuleManager: Shutting down and abandoning module StatsViewer (588)
[2020.01.30-15.03.01:494][833]LogModuleManager: Shutting down and abandoning module FoliageEdit (586)
[2020.01.30-15.03.01:494][833]LogModuleManager: Shutting down and abandoning module LandscapeEditor (584)
[2020.01.30-15.03.01:494][833]LogModuleManager: Shutting down and abandoning module MeshPaintMode (582)
[2020.01.30-15.03.01:494][833]LogModuleManager: Shutting down and abandoning module SceneDepthPickerMode (580)
[2020.01.30-15.03.01:494][833]LogModuleManager: Shutting down and abandoning module ActorPickerMode (578)
[2020.01.30-15.03.01:494][833]LogModuleManager: Shutting down and abandoning module GeometryMode (576)
[2020.01.30-15.03.01:494][833]LogModuleManager: Shutting down and abandoning module TextureAlignMode (574)
[2020.01.30-15.03.01:494][833]LogModuleManager: Shutting down and abandoning module BspMode (572)
[2020.01.30-15.03.01:494][833]LogModuleManager: Shutting down and abandoning module PIEPreviewDeviceProfileSelector (570)
[2020.01.30-15.03.01:494][833]LogModuleManager: Shutting down and abandoning module SequenceRecorderSections (568)
[2020.01.30-15.03.01:494][833]LogModuleManager: Shutting down and abandoning module AutomationWorker (566)
[2020.01.30-15.03.01:494][833]LogModuleManager: Shutting down and abandoning module AudioCaptureEditor (564)
[2020.01.30-15.03.01:494][833]LogModuleManager: Shutting down and abandoning module SequenceRecorder (563)
[2020.01.30-15.03.01:494][833]LogModuleManager: Shutting down and abandoning module MatineeToLevelSequence (560)
[2020.01.30-15.03.01:494][833]LogModuleManager: Shutting down and abandoning module LevelSequenceEditor (558)
[2020.01.30-15.03.01:494][833]LogModuleManager: Shutting down and abandoning module PlacementMode (557)
[2020.01.30-15.03.01:494][833]LogModuleManager: Shutting down and abandoning module MaterialEditor (556)
[2020.01.30-15.03.01:495][833]LogModuleManager: Shutting down and abandoning module WmfMediaFactory (552)
[2020.01.30-15.03.01:495][833]LogModuleManager: Shutting down and abandoning module WmfMediaEditor (550)
[2020.01.30-15.03.01:495][833]LogModuleManager: Shutting down and abandoning module MediaPlayerEditor (548)
[2020.01.30-15.03.01:495][833]LogModuleManager: Shutting down and abandoning module OpenExrWrapper (546)
[2020.01.30-15.03.01:495][833]LogModuleManager: Shutting down and abandoning module ImgMediaFactory (544)
[2020.01.30-15.03.01:495][833]LogModuleManager: Shutting down and abandoning module ImgMediaEditor (542)
[2020.01.30-15.03.01:495][833]LogModuleManager: Shutting down and abandoning module AvfMediaFactory (540)
[2020.01.30-15.03.01:495][833]LogModuleManager: Shutting down and abandoning module AvfMediaEditor (538)
[2020.01.30-15.03.01:495][833]LogModuleManager: Shutting down and abandoning module AndroidMediaFactory (536)
[2020.01.30-15.03.01:495][833]LogModuleManager: Shutting down and abandoning module AndroidMediaEditor (534)
[2020.01.30-15.03.01:495][833]LogModuleManager: Shutting down and abandoning module MagicLeapCameraPreviewFactory (532)
[2020.01.30-15.03.01:495][833]LogModuleManager: Shutting down and abandoning module MagicLeapMediaFactory (530)
[2020.01.30-15.03.01:495][833]LogModuleManager: Shutting down and abandoning module MagicLeapMediaEditor (528)
[2020.01.30-15.03.01:495][833]LogModuleManager: Shutting down and abandoning module CharacterAI (526)
[2020.01.30-15.03.01:495][833]LogModuleManager: Shutting down and abandoning module SmartSnapping (524)
[2020.01.30-15.03.01:495][833]LogModuleManager: Shutting down and abandoning module SessionServices (522)
[2020.01.30-15.03.01:495][833]LogModuleManager: Shutting down and abandoning module ViewportSnapping (520)
[2020.01.30-15.03.01:495][833]LogModuleManager: Shutting down and abandoning module ViewportInteraction (518)
[2020.01.30-15.03.01:495][833]LogModuleManager: Shutting down and abandoning module ClothPainter (516)
[2020.01.30-15.03.01:495][833]LogModuleManager: Shutting down and abandoning module SkeletalMeshEditor (515)
[2020.01.30-15.03.01:495][833]LogModuleManager: Shutting down and abandoning module LogVisualizer (512)
[2020.01.30-15.03.01:495][833]LogModuleManager: Shutting down and abandoning module IntroTutorials (510)
[2020.01.30-15.03.01:495][833]LogModuleManager: Shutting down and abandoning module GameProjectGeneration (509)
[2020.01.30-15.03.01:495][833]LogModuleManager: Shutting down and abandoning module LuminPlatformEditor (506)
[2020.01.30-15.03.01:495][833]LogModuleManager: Shutting down and abandoning module IOSPlatformEditor (504)
[2020.01.30-15.03.01:495][833]LogModuleManager: Shutting down and abandoning module HTML5PlatformEditor (502)
[2020.01.30-15.03.01:495][833]LogModuleManager: Shutting down and abandoning module AndroidPlatformEditor (500)
[2020.01.30-15.03.01:495][833]LogModuleManager: Shutting down and abandoning module AndroidDeviceDetection (499)
[2020.01.30-15.03.03:075][833]LogModuleManager: Shutting down and abandoning module WindowsPlatformEditor (496)
[2020.01.30-15.03.03:075][833]LogModuleManager: Shutting down and abandoning module LuminRuntimeSettings (494)
[2020.01.30-15.03.03:075][833]LogModuleManager: Shutting down and abandoning module IOSRuntimeSettings (492)
[2020.01.30-15.03.03:075][833]LogModuleManager: Shutting down and abandoning module AndroidRuntimeSettings (490)
[2020.01.30-15.03.03:075][833]LogModuleManager: Shutting down and abandoning module InputBindingEditor (488)
[2020.01.30-15.03.03:075][833]LogModuleManager: Shutting down and abandoning module MergeActors (486)
[2020.01.30-15.03.03:075][833]LogModuleManager: Shutting down and abandoning module LocalizationDashboard (484)
[2020.01.30-15.03.03:075][833]LogModuleManager: Shutting down and abandoning module LocalizationService (483)
[2020.01.30-15.03.03:075][833]LogModuleManager: Shutting down and abandoning module HardwareTargeting (480)
[2020.01.30-15.03.03:075][833]LogModuleManager: Shutting down and abandoning module DeviceProfileEditor (478)
[2020.01.30-15.03.03:075][833]LogModuleManager: Shutting down and abandoning module UndoHistory (476)
[2020.01.30-15.03.03:075][833]LogModuleManager: Shutting down and abandoning module XmlParser (474)
[2020.01.30-15.03.03:075][833]LogModuleManager: Shutting down and abandoning module Blutility (472)
[2020.01.30-15.03.03:076][833]LogModuleManager: Shutting down and abandoning module ProjectSettingsViewer (470)
[2020.01.30-15.03.03:076][833]LogModuleManager: Shutting down and abandoning module ProjectTargetPlatformEditor (469)
[2020.01.30-15.03.03:076][833]LogModuleManager: Shutting down and abandoning module EditorSettingsViewer (466)
[2020.01.30-15.03.03:076][833]LogModuleManager: Shutting down and abandoning module SettingsEditor (464)
[2020.01.30-15.03.03:076][833]LogModuleManager: Shutting down and abandoning module ProjectLauncher (462)
[2020.01.30-15.03.03:076][833]LogModuleManager: Shutting down and abandoning module SessionFrontend (460)
[2020.01.30-15.03.03:076][833]LogModuleManager: Shutting down and abandoning module ProfilerClient (458)
[2020.01.30-15.03.03:076][833]LogModuleManager: Shutting down and abandoning module DeviceManager (456)
[2020.01.30-15.03.03:076][833]LogModuleManager: Shutting down and abandoning module TargetDeviceServices (455)
[2020.01.30-15.03.03:142][833]LogModuleManager: Shutting down and abandoning module AutomationController (452)
[2020.01.30-15.03.03:142][833]LogModuleManager: Shutting down and abandoning module AutomationWindow (450)
[2020.01.30-15.03.03:142][833]LogModuleManager: Shutting down and abandoning module Layers (448)
[2020.01.30-15.03.03:142][833]LogModuleManager: Shutting down and abandoning module ComponentVisualizers (446)
[2020.01.30-15.03.03:142][833]LogModuleManager: Shutting down and abandoning module DetailCustomizations (444)
[2020.01.30-15.03.03:142][833]LogModuleManager: Shutting down and abandoning module PackagesDialog (442)
[2020.01.30-15.03.03:142][833]LogModuleManager: Shutting down and abandoning module Persona (440)
[2020.01.30-15.03.03:143][833]LogModuleManager: Shutting down and abandoning module AdvancedPreviewScene (439)
[2020.01.30-15.03.03:143][833]LogModuleManager: Shutting down and abandoning module AnimGraph (437)
[2020.01.30-15.03.03:143][833]LogModuleManager: Shutting down and abandoning module Kismet (434)
[2020.01.30-15.03.03:143][833]LogModuleManager: Shutting down and abandoning module GraphEditor (432)
[2020.01.30-15.03.03:144][833]LogModuleManager: Shutting down and abandoning module ClassViewer (430)
[2020.01.30-15.03.03:144][833]LogModuleManager: Shutting down and abandoning module Toolbox (428)
[2020.01.30-15.03.03:144][833]LogModuleManager: Shutting down and abandoning module ModuleUI (426)
[2020.01.30-15.03.03:144][833]LogModuleManager: Shutting down and abandoning module MovieSceneTools (424)
[2020.01.30-15.03.03:144][833]LogModuleManager: Shutting down and abandoning module OutputLog (422)
[2020.01.30-15.03.03:144][833]LogModuleManager: Shutting down and abandoning module GammaUI (420)
[2020.01.30-15.03.03:144][833]LogModuleManager: Shutting down and abandoning module Documentation (418)
[2020.01.30-15.03.03:144][833]LogModuleManager: Shutting down and abandoning module MovieSceneTracks (416)
[2020.01.30-15.03.03:144][833]LogModuleManager: Shutting down and abandoning module MovieScene (414)
[2020.01.30-15.03.03:144][833]LogModuleManager: Shutting down and abandoning module StreamingPauseRendering (412)
[2020.01.30-15.03.03:144][833]LogModuleManager: Shutting down and abandoning module LauncherPlatform (410)
[2020.01.30-15.03.03:144][833]LogModuleManager: Shutting down and abandoning module AnalyticsET (408)
[2020.01.30-15.03.03:144][833]LogModuleManager: Shutting down and abandoning module PortalServices (406)
[2020.01.30-15.03.03:144][833]LogModuleManager: Shutting down and abandoning module PortalRpc (404)
[2020.01.30-15.03.03:144][833]LogModuleManager: Shutting down and abandoning module MessagingRpc (402)
[2020.01.30-15.03.03:144][833]LogModuleManager: Shutting down and abandoning module AIModule (400)
[2020.01.30-15.03.03:144][833]LogModuleManager: Shutting down and abandoning module GameplayDebugger (399)
[2020.01.30-15.03.03:145][833]LogModuleManager: Shutting down and abandoning module AITestSuite (397)
[2020.01.30-15.03.03:145][833]LogModuleManager: Shutting down and abandoning module NavigationSystem (395)
[2020.01.30-15.03.03:145][833]LogModuleManager: Shutting down and abandoning module DesktopPlatform (392)
[2020.01.30-15.03.03:145][833]LogModuleManager: Shutting down and abandoning module ProfilerService (390)
[2020.01.30-15.03.03:307][833]LogModuleManager: Shutting down and abandoning module TaskGraph (388)
[2020.01.30-15.03.03:307][833]LogModuleManager: Shutting down and abandoning module ProceduralMeshComponentEditor (386)
[2020.01.30-15.03.03:307][833]LogModuleManager: Shutting down and abandoning module ProceduralMeshComponent (384)
[2020.01.30-15.03.03:307][833]LogModuleManager: Shutting down and abandoning module MobilePatchingUtils (382)
[2020.01.30-15.03.03:307][833]LogModuleManager: Shutting down and abandoning module EditableMesh (380)
[2020.01.30-15.03.03:307][833]LogModuleManager: Shutting down and abandoning module CustomMeshComponent (378)
[2020.01.30-15.03.03:307][833]LogModuleManager: Shutting down and abandoning module CableComponent (376)
[2020.01.30-15.03.03:307][833]LogModuleManager: Shutting down and abandoning module AudioCapture (374)
[2020.01.30-15.03.03:307][833]LogModuleManager: Shutting down and abandoning module ArchVisCharacter (372)
[2020.01.30-15.03.03:307][833]LogModuleManager: Shutting down and abandoning module AndroidPermission (370)
[2020.01.30-15.03.03:307][833]LogModuleManager: Shutting down and abandoning module NUTUnrealEngine4 (368)
[2020.01.30-15.03.03:307][833]LogModuleManager: Shutting down and abandoning module NetcodeUnitTest (366)
[2020.01.30-15.03.03:307][833]LogModuleManager: Shutting down and abandoning module MediaCompositingEditor (364)
[2020.01.30-15.03.03:307][833]LogModuleManager: Shutting down and abandoning module MediaCompositing (362)
[2020.01.30-15.03.03:307][833]LogModuleManager: Shutting down and abandoning module LinearTimecode (360)
[2020.01.30-15.03.03:308][833]LogModuleManager: Shutting down and abandoning module ImgMedia (358)
[2020.01.30-15.03.03:313][833]LogModuleManager: Shutting down and abandoning module HTML5Networking (356)
[2020.01.30-15.03.03:313][833]LogModuleManager: Shutting down and abandoning module GeometryCacheTracks (354)
[2020.01.30-15.03.03:313][833]LogModuleManager: Shutting down and abandoning module GeometryCacheSequencer (352)
[2020.01.30-15.03.03:313][833]LogModuleManager: Shutting down and abandoning module BackChannel (350)
[2020.01.30-15.03.03:314][833]LogModuleManager: Shutting down and abandoning module AppleVision (348)
[2020.01.30-15.03.03:314][833]LogModuleManager: Shutting down and abandoning module AppleImageUtils (346)
[2020.01.30-15.03.03:314][833]LogModuleManager: Shutting down and abandoning module AlembicImporter (344)
[2020.01.30-15.03.03:314][833]LogModuleManager: Shutting down and abandoning module AlembicLibrary (343)
[2020.01.30-15.03.03:314][833]LogModuleManager: Shutting down and abandoning module GeometryCache (342)
[2020.01.30-15.03.03:314][833]LogModuleManager: Shutting down and abandoning module GeometryCacheEd (341)
[2020.01.30-15.03.03:314][833]LogModuleManager: Shutting down and abandoning module DatasmithContentEditor (336)
[2020.01.30-15.03.03:314][833]LogModuleManager: Shutting down and abandoning module DatasmithContent (334)
[2020.01.30-15.03.03:315][833]LogModuleManager: Shutting down and abandoning module SpeedTreeImporter (332)
[2020.01.30-15.03.03:315][833]LogModuleManager: Shutting down and abandoning module PluginBrowser (330)
[2020.01.30-15.03.03:315][833]LogModuleManager: Shutting down and abandoning module MobileLauncherProfileWizard (328)
[2020.01.30-15.03.03:315][833]LogModuleManager: Shutting down and abandoning module PolygonModeling (326)
[2020.01.30-15.03.03:315][833]LogModuleManager: Shutting down and abandoning module MeshEditor (324)
[2020.01.30-15.03.03:316][833]LogModuleManager: Shutting down and abandoning module CryptoKeysOpenSSL (322)
[2020.01.30-15.03.03:316][833]LogModuleManager: Shutting down and abandoning module CryptoKeys (320)
[2020.01.30-15.03.03:316][833]LogModuleManager: Shutting down and abandoning module VisualStudioSourceCodeAccess (318)
[2020.01.30-15.03.03:317][833]LogModuleManager: Shutting down and abandoning module VisualStudioCodeSourceCodeAccess (316)
[2020.01.30-15.03.03:319][833]LogModuleManager: Shutting down and abandoning module UObjectPlugin (314)
[2020.01.30-15.03.03:321][833]LogModuleManager: Shutting down and abandoning module SubversionSourceControl (312)
[2020.01.30-15.03.03:321][833]LogModuleManager: Shutting down and abandoning module PerforceSourceControl (310)
[2020.01.30-15.03.03:321][833]LogModuleManager: Shutting down and abandoning module GitSourceControl (308)
[2020.01.30-15.03.03:321][833]LogModuleManager: Shutting down and abandoning module SourceControl (307)
[2020.01.30-15.03.03:321][833]LogModuleManager: Shutting down and abandoning module CLionSourceCodeAccess (304)
[2020.01.30-15.03.03:321][833]LogModuleManager: Shutting down and abandoning module LightPropagationVolumeEditor (302)
[2020.01.30-15.03.03:321][833]LogModuleManager: Shutting down and abandoning module PaperTiledImporter (300)
[2020.01.30-15.03.03:321][833]LogModuleManager: Shutting down and abandoning module PaperSpriteSheetImporter (298)
[2020.01.30-15.03.03:321][833]LogModuleManager: Shutting down and abandoning module Paper2DEditor (296)
[2020.01.30-15.03.03:321][833]LogModuleManager: Shutting down and abandoning module MeshPaint (295)
[2020.01.30-15.03.03:322][833]LogModuleManager: Shutting down and abandoning module RuntimePhysXCooking (292)
[2020.01.30-15.03.03:322][833]LogModuleManager: Shutting down and abandoning module PhysXVehiclesEditor (290)
[2020.01.30-15.03.03:322][833]LogModuleManager: Shutting down and abandoning module PhysXVehicles (288)
[2020.01.30-15.03.03:322][833]LogModuleManager: Shutting down and abandoning module LocationServicesBPLibrary (286)
[2020.01.30-15.03.03:322][833]LogModuleManager: Shutting down and abandoning module ImmediatePhysicsEditor (284)
[2020.01.30-15.03.03:322][833]LogModuleManager: Shutting down and abandoning module ImmediatePhysics (282)
[2020.01.30-15.03.03:322][833]LogModuleManager: Shutting down and abandoning module ActorSequence (280)
[2020.01.30-15.03.03:322][833]LogModuleManager: Shutting down and abandoning module UdpMessaging (278)
[2020.01.30-15.03.03:423][833]LogModuleManager: Shutting down and abandoning module TcpMessaging (276)
[2020.01.30-15.03.03:524][833]LogModuleManager: Shutting down and abandoning module MagicLeapAudio (274)
[2020.01.30-15.03.03:524][833]LogModuleManager: Shutting down and abandoning module GameplayTagsEditor (272)
[2020.01.30-15.03.03:524][833]LogModuleManager: Shutting down and abandoning module FacialAnimationEditor (270)
[2020.01.30-15.03.03:524][833]LogModuleManager: Shutting down and abandoning module FacialAnimation (268)
[2020.01.30-15.03.03:524][833]LogModuleManager: Shutting down and abandoning module DataValidation (266)
[2020.01.30-15.03.03:524][833]LogModuleManager: Shutting down and abandoning module AssetManagerEditor (264)
[2020.01.30-15.03.03:524][833]LogModuleManager: Shutting down and abandoning module LevelEditor (263)
[2020.01.30-15.03.03:524][833]LogModuleManager: Shutting down and abandoning module PixelInspectorModule (262)
[2020.01.30-15.03.03:525][833]LogModuleManager: Shutting down and abandoning module CommonMenuExtensions (260)
[2020.01.30-15.03.03:525][833]LogModuleManager: Shutting down and abandoning module MainFrame (258)
[2020.01.30-15.03.03:525][833]LogModuleManager: Shutting down and abandoning module HotReload (257)
[2020.01.30-15.03.03:525][833]LogModuleManager: Shutting down and abandoning module ContentBrowser (253)
[2020.01.30-15.03.03:526][833]LogModuleManager: Shutting down and abandoning module TreeMap (251)
[2020.01.30-15.03.03:526][833]LogModuleManager: Shutting down and abandoning module LightPropagationVolumeRuntime (248)
[2020.01.30-15.03.03:526][833]LogModuleManager: Shutting down and abandoning module AISupportModule (246)
[2020.01.30-15.03.03:526][833]LogModuleManager: Shutting down and abandoning module Paper2D (244)
[2020.01.30-15.03.03:526][833]LogModuleManager: Shutting down and abandoning module WindowsMoviePlayer (242)
[2020.01.30-15.03.03:526][833]LogModuleManager: Shutting down and abandoning module WmfMedia (240)
[2020.01.30-15.03.03:527][833]LogModuleManager: Shutting down and abandoning module Media (239)
[2020.01.30-15.03.03:533][833]LogModuleManager: Shutting down and abandoning module PacketHandler (236)
[2020.01.30-15.03.03:534][833]LogModuleManager: Shutting down and abandoning module ClothingSystemEditor (234)
[2020.01.30-15.03.03:534][833]LogModuleManager: Shutting down and abandoning module ClothingSystemRuntime (232)
[2020.01.30-15.03.03:534][833]LogModuleManager: Shutting down and abandoning module MediaAssets (230)
[2020.01.30-15.03.03:534][833]LogModuleManager: Shutting down and abandoning module Overlay (228)
[2020.01.30-15.03.03:534][833]LogModuleManager: Shutting down and abandoning module OverlayEditor (227)
[2020.01.30-15.03.03:534][833]LogModuleManager: Shutting down and abandoning module VREditor (224)
[2020.01.30-15.03.03:534][833]LogModuleManager: Shutting down and abandoning module StringTableEditor (222)
[2020.01.30-15.03.03:534][833]LogModuleManager: Shutting down and abandoning module GameplayTasksEditor (220)
[2020.01.30-15.03.03:534][833]LogModuleManager: Shutting down and abandoning module BehaviorTreeEditor (218)
[2020.01.30-15.03.03:534][833]LogModuleManager: Shutting down and abandoning module FunctionalTesting (216)
[2020.01.30-15.03.03:534][833]LogModuleManager: Shutting down and abandoning module CollisionAnalyzer (214)
[2020.01.30-15.03.03:534][833]LogModuleManager: Shutting down and abandoning module WorkspaceMenuStructure (213)
[2020.01.30-15.03.03:534][833]LogModuleManager: Shutting down and abandoning module UMG (210)
[2020.01.30-15.03.03:534][833]LogModuleManager: Shutting down and abandoning module UMGEditor (209)
[2020.01.30-15.03.03:534][833]LogModuleManager: Shutting down and abandoning module Sequencer (208)
[2020.01.30-15.03.03:534][833]LogModuleManager: Shutting down and abandoning module MessageLog (205)
[2020.01.30-15.03.03:534][833]LogModuleManager: Shutting down and abandoning module SlateReflector (200)
[2020.01.30-15.03.03:534][833]LogModuleManager: Shutting down and abandoning module Slate (198)
[2020.01.30-15.03.03:534][833]LogModuleManager: Shutting down and abandoning module EditorStyle (196)
[2020.01.30-15.03.03:536][833]LogModuleManager: Shutting down and abandoning module MRMesh (194)
[2020.01.30-15.03.03:536][833]LogModuleManager: Shutting down and abandoning module SourceCodeAccess (192)
[2020.01.30-15.03.03:536][833]LogModuleManager: Shutting down and abandoning module HeadMountedDisplay (190)
[2020.01.30-15.03.03:536][833]LogModuleManager: Shutting down and abandoning module XAudio2 (188)
[2020.01.30-15.03.03:536][833]LogModuleManager: Shutting down and abandoning module Networking (186)
[2020.01.30-15.03.03:536][833]LogModuleManager: Shutting down and abandoning module Core (184)
[2020.01.30-15.03.03:536][833]LogModuleManager: Shutting down and abandoning module LevelSequence (182)
[2020.01.30-15.03.03:536][833]LogModuleManager: Shutting down and abandoning module KismetCompiler (180)
[2020.01.30-15.03.03:536][833]LogModuleManager: Shutting down and abandoning module MeshUtilities (178)
[2020.01.30-15.03.03:536][833]LogModuleManager: Shutting down and abandoning module MeshMergeUtilities (177)
[2020.01.30-15.03.03:536][833]LogModuleManager: Shutting down and abandoning module MeshReductionInterface (176)
[2020.01.30-15.03.03:536][833]LogModuleManager: Shutting down and abandoning module SimplygonSwarm (175)
[2020.01.30-15.03.03:536][833]LogModuleManager: Shutting down and abandoning module ProxyLODMeshReduction (173)
[2020.01.30-15.03.03:536][833]LogModuleManager: Shutting down and abandoning module SimplygonMeshReduction (171)
[2020.01.30-15.03.03:536][833]LogModuleManager: Shutting down and abandoning module QuadricMeshReduction (169)
[2020.01.30-15.03.03:536][833]LogModuleManager: Shutting down and abandoning module MaterialBaking (165)
[2020.01.30-15.03.03:536][833]LogModuleManager: Shutting down and abandoning module DirectoryWatcher (161)
[2020.01.30-15.03.03:536][833]LogModuleManager: Shutting down and abandoning module DerivedDataCache (158)
[2020.01.30-15.03.03:825][833]LogDerivedDataCache: Shutdown
[2020.01.30-15.03.03:825][833]LogModuleManager: Shutting down and abandoning module XGEController (156)
[2020.01.30-15.03.03:825][833]LogModuleManager: Shutting down and abandoning module TargetPlatform (154)
[2020.01.30-15.03.03:825][833]LogModuleManager: Shutting down and abandoning module VulkanShaderFormat (153)
[2020.01.30-15.03.03:825][833]LogModuleManager: Shutting down and abandoning module ShaderFormatVectorVM (151)
[2020.01.30-15.03.03:825][833]LogModuleManager: Shutting down and abandoning module ShaderFormatOpenGL (149)
[2020.01.30-15.03.03:825][833]LogModuleManager: Shutting down and abandoning module ShaderFormatD3D (147)
[2020.01.30-15.03.03:825][833]LogModuleManager: Shutting down and abandoning module MetalShaderFormat (145)
[2020.01.30-15.03.03:825][833]LogModuleManager: Shutting down and abandoning module TextureFormatUncompressed (143)
[2020.01.30-15.03.03:825][833]LogModuleManager: Shutting down and abandoning module TextureFormatPVR (141)
[2020.01.30-15.03.03:825][833]LogModuleManager: Shutting down and abandoning module TextureFormatDXT (139)
[2020.01.30-15.03.03:825][833]LogModuleManager: Shutting down and abandoning module TextureFormatIntelISPCTexComp (137)
[2020.01.30-15.03.03:825][833]LogModuleManager: Shutting down and abandoning module TextureFormatASTC (135)
[2020.01.30-15.03.03:825][833]LogModuleManager: Shutting down and abandoning module ImageWrapper (134)
[2020.01.30-15.03.03:826][833]LogModuleManager: Shutting down and abandoning module TextureFormatAndroid (131)
[2020.01.30-15.03.03:826][833]LogModuleManager: Shutting down and abandoning module AudioFormatOpus (129)
[2020.01.30-15.03.03:826][833]LogModuleManager: Shutting down and abandoning module AudioFormatOgg (127)
[2020.01.30-15.03.03:826][833]LogModuleManager: Shutting down and abandoning module AudioFormatADPCM (125)
[2020.01.30-15.03.03:826][833]LogModuleManager: Shutting down and abandoning module LuminTargetPlatform (123)
[2020.01.30-15.03.03:826][833]LogModuleManager: Shutting down and abandoning module LinuxTargetPlatform (121)
[2020.01.30-15.03.03:826][833]LogModuleManager: Shutting down and abandoning module LinuxServerTargetPlatform (119)
[2020.01.30-15.03.03:826][833]LogModuleManager: Shutting down and abandoning module LinuxNoEditorTargetPlatform (117)
[2020.01.30-15.03.03:826][833]LogModuleManager: Shutting down and abandoning module LinuxClientTargetPlatform (115)
[2020.01.30-15.03.03:826][833]LogModuleManager: Shutting down and abandoning module TVOSTargetPlatform (113)
[2020.01.30-15.03.03:827][833]LogModuleManager: Shutting down and abandoning module Messaging (111)
[2020.01.30-15.03.03:827][833]LogModuleManager: Shutting down and abandoning module IOSTargetPlatform (109)
[2020.01.30-15.03.03:829][833]LogModuleManager: Shutting down and abandoning module HTML5TargetPlatform (107)
[2020.01.30-15.03.03:829][833]LogModuleManager: Shutting down and abandoning module AndroidTargetPlatform (105)
[2020.01.30-15.03.03:841][833]LogModuleManager: Shutting down and abandoning module WindowsTargetPlatform (103)
[2020.01.30-15.03.03:841][833]LogModuleManager: Shutting down and abandoning module WindowsServerTargetPlatform (101)
[2020.01.30-15.03.03:841][833]LogModuleManager: Shutting down and abandoning module WindowsNoEditorTargetPlatform (99)
[2020.01.30-15.03.03:841][833]LogModuleManager: Shutting down and abandoning module WindowsClientTargetPlatform (97)
[2020.01.30-15.03.03:842][833]LogModuleManager: Shutting down and abandoning module MacTargetPlatform (95)
[2020.01.30-15.03.03:842][833]LogModuleManager: Shutting down and abandoning module MacServerTargetPlatform (93)
[2020.01.30-15.03.03:842][833]LogModuleManager: Shutting down and abandoning module MacNoEditorTargetPlatform (91)
[2020.01.30-15.03.03:842][833]LogModuleManager: Shutting down and abandoning module MacClientTargetPlatform (89)
[2020.01.30-15.03.03:842][833]LogModuleManager: Shutting down and abandoning module AllDesktopTargetPlatform (87)
[2020.01.30-15.03.03:842][833]LogModuleManager: Shutting down and abandoning module InputCore (84)
[2020.01.30-15.03.03:842][833]LogModuleManager: Shutting down and abandoning module Settings (82)
[2020.01.30-15.03.03:842][833]LogModuleManager: Shutting down and abandoning module PhysXCooking (80)
[2020.01.30-15.03.03:842][833]LogModuleManager: Shutting down and abandoning module ExampleDeviceProfileSelector (78)
[2020.01.30-15.03.03:842][833]LogModuleManager: Shutting down and abandoning module LauncherChunkInstaller (76)
[2020.01.30-15.03.03:842][833]LogModuleManager: Shutting down and abandoning module OnlineBlueprintSupport (74)
[2020.01.30-15.03.03:842][833]LogModuleManager: Shutting down and abandoning module OnlineSubsystem (70)
[2020.01.30-15.03.03:843][833]LogModuleManager: Shutting down and abandoning module XMPP (65)
[2020.01.30-15.03.03:843][833]LogModuleManager: Shutting down and abandoning module WebSockets (64)
[2020.01.30-15.03.03:867][833]LogModuleManager: Shutting down and abandoning module HTTP (61)
[2020.01.30-15.03.03:868][833]LogHttp: Display: Http module shutting down, but needs to wait on 1 outstanding Http requests:
[2020.01.30-15.03.03:868][833]LogHttp: Display: 	verb=[POST] url=[https://datarouter.ol.epicgames.com/datarouter/api/v1/public/data?SessionID=%7B72C51954-4CA0-F2D1-4ACE-4AB53EBC087F%7D&AppID=UEEditor.Rocket.Release&AppVersion=4.20.3-4369336%2B%2B%2BUE4%2BRelease-4.20&UserID=e77755554f7b2d0465ce9891446be208%7C119510d1dba74067879ec6a9afb545fa%7C53076ddf-6611-4b3b-91ab-e6ca5dbf633a&AppEnvironment=datacollector-binary&UploadType=eteventstream] status=Processing
[2020.01.30-15.03.03:900][833]LogModuleManager: Shutting down and abandoning module SSL (60)
[2020.01.30-15.03.03:903][833]LogModuleManager: Shutting down and abandoning module MagicLeapEmulator (56)
[2020.01.30-15.03.03:903][833]LogModuleManager: Shutting down and abandoning module MagicLeapPrivileges (54)
[2020.01.30-15.03.03:903][833]LogModuleManager: Shutting down and abandoning module MagicLeapIdentity (52)
[2020.01.30-15.03.03:903][833]LogModuleManager: Shutting down and abandoning module MagicLeapHelperVulkan (50)
[2020.01.30-15.03.03:903][833]LogModuleManager: Shutting down and abandoning module MagicLeapHelperOpenGL (48)
[2020.01.30-15.03.03:903][833]LogModuleManager: Shutting down and abandoning module MagicLeapSecureStorage (46)
[2020.01.30-15.03.03:903][833]LogModuleManager: Shutting down and abandoning module MagicLeapGestures (44)
[2020.01.30-15.03.03:903][833]LogModuleManager: Shutting down and abandoning module MagicLeapEyeTracker (42)
[2020.01.30-15.03.03:903][833]LogModuleManager: Shutting down and abandoning module MagicLeapController (40)
[2020.01.30-15.03.03:903][833]LogSlate: Slate User Destroyed.  User Index 0, Is Virtual User: 0
[2020.01.30-15.03.03:903][833]LogModuleManager: Shutting down and abandoning module MagicLeap (38)
[2020.01.30-15.03.03:903][833]LogModuleManager: Shutting down and abandoning module AnimationModifiers (36)
[2020.01.30-15.03.03:903][833]LogModuleManager: Shutting down and abandoning module PropertyEditor (35)
[2020.01.30-15.03.03:904][833]LogModuleManager: Shutting down and abandoning module AudioEditor (32)
[2020.01.30-15.03.03:904][833]LogModuleManager: Shutting down and abandoning module TextureCompressor (30)
[2020.01.30-15.03.03:904][833]LogModuleManager: Shutting down and abandoning module ShaderCore (28)
[2020.01.30-15.03.03:904][833]LogModuleManager: Shutting down and abandoning module Landscape (26)
[2020.01.30-15.03.03:904][833]LogModuleManager: Shutting down and abandoning module SlateRHIRenderer (24)
[2020.01.30-15.03.03:905][833]LogModuleManager: Shutting down and abandoning module OpenGLDrv (22)
[2020.01.30-15.03.03:905][833]LogModuleManager: Shutting down and abandoning module D3D11RHI (20)
[2020.01.30-15.03.03:905][833]LogModuleManager: Shutting down and abandoning module AnimGraphRuntime (18)
[2020.01.30-15.03.03:905][833]LogModuleManager: Shutting down and abandoning module Renderer (16)
[2020.01.30-15.03.03:905][833]LogModuleManager: Shutting down and abandoning module Engine (14)
[2020.01.30-15.03.03:905][833]LogModuleManager: Shutting down and abandoning module CoreUObject (12)
[2020.01.30-15.03.03:905][833]LogModuleManager: Shutting down and abandoning module NetworkFile (10)
[2020.01.30-15.03.03:905][833]LogModuleManager: Shutting down and abandoning module CookedIterativeFile (8)
[2020.01.30-15.03.03:905][833]LogModuleManager: Shutting down and abandoning module StreamingFile (6)
[2020.01.30-15.03.03:905][833]LogModuleManager: Shutting down and abandoning module SandboxFile (4)
[2020.01.30-15.03.03:905][833]LogModuleManager: Shutting down and abandoning module PakFile (2)
[2020.01.30-15.03.03:912][833]LogExit: Exiting.
[2020.01.30-15.03.03:916][833]Log file closed, 01/30/20 16:03:03
